<?xml version="1.0" encoding="UTF-8"?>
<!-- Generated by org.testng.reporters.JUnitReportReporter -->
<testsuite skipped="0" hostname="WC-IT1065W10" name="com.learnautomation.testcases.LoginTestCRM" tests="1" failures="0" timestamp="19 Feb 2019 18:30:13 GMT" time="4.299" errors="0">
  <testcase name="loginApp" time="4.299" classname="com.learnautomation.testcases.LoginTestCRM"/>
</testsuite> <!-- com.learnautomation.testcases.LoginTestCRM -->
