<?xml version="1.0" encoding="UTF-8"?>
<!-- Generated by org.testng.reporters.JUnitReportReporter -->
<testsuite skipped="0" hostname="WC-IT1065W10" name="com.learnautomation.testcases.LoginTestCRM" tests="1" failures="0" timestamp="15 Feb 2019 18:24:33 GMT" time="4.701" errors="0">
  <testcase name="loginApp" time="4.701" classname="com.learnautomation.testcases.LoginTestCRM"/>
</testsuite> <!-- com.learnautomation.testcases.LoginTestCRM -->
